The system is: Linux - 5.4.0-135-generic - x86_64
Compiling the C compiler identification source file "CMakeCCompilerId.c" succeeded.
Compiler: /home/ubuntu/llvm/ninja-build/bin/clang 
Build flags: 
Id flags:  

The output was:
0


Compilation of the C compiler identification source "CMakeCCompilerId.c" produced "a.out"

The C compiler identification is Clang, found in "/home/ubuntu/Johannes/external/FFMalloc/build/CMakeFiles/3.16.3/CompilerIdC/a.out"

Determining if the C compiler works passed with the following output:
Change Dir: /home/ubuntu/Johannes/external/FFMalloc/build/CMakeFiles/CMakeTmp

Run Build Command(s):/usr/bin/make cmTC_23ce1/fast && /usr/bin/make -f CMakeFiles/cmTC_23ce1.dir/build.make CMakeFiles/cmTC_23ce1.dir/build
make[1]: Entering directory '/home/ubuntu/Johannes/external/FFMalloc/build/CMakeFiles/CMakeTmp'
Building C object CMakeFiles/cmTC_23ce1.dir/testCCompiler.c.o
/home/ubuntu/llvm/ninja-build/bin/clang    -o CMakeFiles/cmTC_23ce1.dir/testCCompiler.c.o   -c /home/ubuntu/Johannes/external/FFMalloc/build/CMakeFiles/CMakeTmp/testCCompiler.c
Linking C executable cmTC_23ce1
/usr/bin/cmake -E cmake_link_script CMakeFiles/cmTC_23ce1.dir/link.txt --verbose=1
/home/ubuntu/llvm/ninja-build/bin/clang      CMakeFiles/cmTC_23ce1.dir/testCCompiler.c.o  -o cmTC_23ce1 
make[1]: Leaving directory '/home/ubuntu/Johannes/external/FFMalloc/build/CMakeFiles/CMakeTmp'



Detecting C compiler ABI info compiled with the following output:
Change Dir: /home/ubuntu/Johannes/external/FFMalloc/build/CMakeFiles/CMakeTmp

Run Build Command(s):/usr/bin/make cmTC_37127/fast && /usr/bin/make -f CMakeFiles/cmTC_37127.dir/build.make CMakeFiles/cmTC_37127.dir/build
make[1]: Entering directory '/home/ubuntu/Johannes/external/FFMalloc/build/CMakeFiles/CMakeTmp'
Building C object CMakeFiles/cmTC_37127.dir/CMakeCCompilerABI.c.o
/home/ubuntu/llvm/ninja-build/bin/clang   -v -o CMakeFiles/cmTC_37127.dir/CMakeCCompilerABI.c.o   -c /usr/share/cmake-3.16/Modules/CMakeCCompilerABI.c
clang version 13.0.1 (https://github.com/llvm/llvm-project.git 75e33f71c2dae584b13a7d1186ae0a038ba98838)
Target: x86_64-unknown-linux-gnu
Thread model: posix
InstalledDir: /home/ubuntu/llvm/ninja-build/bin
Found candidate GCC installation: /usr/lib/gcc/x86_64-linux-gnu/9
Selected GCC installation: /usr/lib/gcc/x86_64-linux-gnu/9
Candidate multilib: .;@m64
Selected multilib: .;@m64
 (in-process)
 "/home/ubuntu/llvm/ninja-build/bin/clang-13" -cc1 -triple x86_64-unknown-linux-gnu -emit-obj -mrelax-all --mrelax-relocations -disable-free -main-file-name CMakeCCompilerABI.c -mrelocation-model static -mframe-pointer=all -fmath-errno -fno-rounding-math -mconstructor-aliases -munwind-tables -target-cpu x86-64 -tune-cpu generic -debugger-tuning=gdb -v -fcoverage-compilation-dir=/home/ubuntu/Johannes/external/FFMalloc/build/CMakeFiles/CMakeTmp -resource-dir /home/ubuntu/llvm/ninja-build/lib/clang/13.0.1 -internal-isystem /home/ubuntu/llvm/ninja-build/lib/clang/13.0.1/include -internal-isystem /usr/local/include -internal-isystem /usr/lib/gcc/x86_64-linux-gnu/9/../../../../x86_64-linux-gnu/include -internal-externc-isystem /usr/include/x86_64-linux-gnu -internal-externc-isystem /include -internal-externc-isystem /usr/include -fdebug-compilation-dir=/home/ubuntu/Johannes/external/FFMalloc/build/CMakeFiles/CMakeTmp -ferror-limit 19 -fgnuc-version=4.2.1 -faddrsig -D__GCC_HAVE_DWARF2_CFI_ASM=1 -o CMakeFiles/cmTC_37127.dir/CMakeCCompilerABI.c.o -x c /usr/share/cmake-3.16/Modules/CMakeCCompilerABI.c
clang -cc1 version 13.0.1 based upon LLVM 13.0.1 default target x86_64-unknown-linux-gnu
ignoring nonexistent directory "/usr/lib/gcc/x86_64-linux-gnu/9/../../../../x86_64-linux-gnu/include"
ignoring nonexistent directory "/include"
#include "..." search starts here:
#include <...> search starts here:
 /home/ubuntu/llvm/ninja-build/lib/clang/13.0.1/include
 /usr/local/include
 /usr/include/x86_64-linux-gnu
 /usr/include
End of search list.
Linking C executable cmTC_37127
/usr/bin/cmake -E cmake_link_script CMakeFiles/cmTC_37127.dir/link.txt --verbose=1
/home/ubuntu/llvm/ninja-build/bin/clang     -v CMakeFiles/cmTC_37127.dir/CMakeCCompilerABI.c.o  -o cmTC_37127 
clang version 13.0.1 (https://github.com/llvm/llvm-project.git 75e33f71c2dae584b13a7d1186ae0a038ba98838)
Target: x86_64-unknown-linux-gnu
Thread model: posix
InstalledDir: /home/ubuntu/llvm/ninja-build/bin
Found candidate GCC installation: /usr/lib/gcc/x86_64-linux-gnu/9
Selected GCC installation: /usr/lib/gcc/x86_64-linux-gnu/9
Candidate multilib: .;@m64
Selected multilib: .;@m64
 "/usr/bin/ld" -z relro --hash-style=gnu --eh-frame-hdr -m elf_x86_64 -dynamic-linker /lib64/ld-linux-x86-64.so.2 -o cmTC_37127 /lib/x86_64-linux-gnu/crt1.o /lib/x86_64-linux-gnu/crti.o /usr/lib/gcc/x86_64-linux-gnu/9/crtbegin.o -L/usr/lib/gcc/x86_64-linux-gnu/9 -L/usr/lib/gcc/x86_64-linux-gnu/9/../../../../lib64 -L/lib/x86_64-linux-gnu -L/lib/../lib64 -L/usr/lib/x86_64-linux-gnu -L/usr/lib/../lib64 -L/home/ubuntu/llvm/ninja-build/bin/../lib -L/lib -L/usr/lib CMakeFiles/cmTC_37127.dir/CMakeCCompilerABI.c.o -lgcc --as-needed -lgcc_s --no-as-needed -lc -lgcc --as-needed -lgcc_s --no-as-needed /usr/lib/gcc/x86_64-linux-gnu/9/crtend.o /lib/x86_64-linux-gnu/crtn.o
make[1]: Leaving directory '/home/ubuntu/Johannes/external/FFMalloc/build/CMakeFiles/CMakeTmp'



Parsed C implicit include dir info from above output: rv=done
  found start of include info
  found start of implicit include info
    add: [/home/ubuntu/llvm/ninja-build/lib/clang/13.0.1/include]
    add: [/usr/local/include]
    add: [/usr/include/x86_64-linux-gnu]
    add: [/usr/include]
  end of search list found
  collapse include dir [/home/ubuntu/llvm/ninja-build/lib/clang/13.0.1/include] ==> [/home/ubuntu/llvm/ninja-build/lib/clang/13.0.1/include]
  collapse include dir [/usr/local/include] ==> [/usr/local/include]
  collapse include dir [/usr/include/x86_64-linux-gnu] ==> [/usr/include/x86_64-linux-gnu]
  collapse include dir [/usr/include] ==> [/usr/include]
  implicit include dirs: [/home/ubuntu/llvm/ninja-build/lib/clang/13.0.1/include;/usr/local/include;/usr/include/x86_64-linux-gnu;/usr/include]


Parsed C implicit link information from above output:
  link line regex: [^( *|.*[/\])(ld|CMAKE_LINK_STARTFILE-NOTFOUND|([^/\]+-)?ld|collect2)[^/\]*( |$)]
  ignore line: [Change Dir: /home/ubuntu/Johannes/external/FFMalloc/build/CMakeFiles/CMakeTmp]
  ignore line: []
  ignore line: [Run Build Command(s):/usr/bin/make cmTC_37127/fast && /usr/bin/make -f CMakeFiles/cmTC_37127.dir/build.make CMakeFiles/cmTC_37127.dir/build]
  ignore line: [make[1]: Entering directory '/home/ubuntu/Johannes/external/FFMalloc/build/CMakeFiles/CMakeTmp']
  ignore line: [Building C object CMakeFiles/cmTC_37127.dir/CMakeCCompilerABI.c.o]
  ignore line: [/home/ubuntu/llvm/ninja-build/bin/clang   -v -o CMakeFiles/cmTC_37127.dir/CMakeCCompilerABI.c.o   -c /usr/share/cmake-3.16/Modules/CMakeCCompilerABI.c]
  ignore line: [clang version 13.0.1 (https://github.com/llvm/llvm-project.git 75e33f71c2dae584b13a7d1186ae0a038ba98838)]
  ignore line: [Target: x86_64-unknown-linux-gnu]
  ignore line: [Thread model: posix]
  ignore line: [InstalledDir: /home/ubuntu/llvm/ninja-build/bin]
  ignore line: [Found candidate GCC installation: /usr/lib/gcc/x86_64-linux-gnu/9]
  ignore line: [Selected GCC installation: /usr/lib/gcc/x86_64-linux-gnu/9]
  ignore line: [Candidate multilib: .]
  ignore line: [@m64]
  ignore line: [Selected multilib: .]
  ignore line: [@m64]
  ignore line: [ (in-process)]
  ignore line: [ "/home/ubuntu/llvm/ninja-build/bin/clang-13" -cc1 -triple x86_64-unknown-linux-gnu -emit-obj -mrelax-all --mrelax-relocations -disable-free -main-file-name CMakeCCompilerABI.c -mrelocation-model static -mframe-pointer=all -fmath-errno -fno-rounding-math -mconstructor-aliases -munwind-tables -target-cpu x86-64 -tune-cpu generic -debugger-tuning=gdb -v -fcoverage-compilation-dir=/home/ubuntu/Johannes/external/FFMalloc/build/CMakeFiles/CMakeTmp -resource-dir /home/ubuntu/llvm/ninja-build/lib/clang/13.0.1 -internal-isystem /home/ubuntu/llvm/ninja-build/lib/clang/13.0.1/include -internal-isystem /usr/local/include -internal-isystem /usr/lib/gcc/x86_64-linux-gnu/9/../../../../x86_64-linux-gnu/include -internal-externc-isystem /usr/include/x86_64-linux-gnu -internal-externc-isystem /include -internal-externc-isystem /usr/include -fdebug-compilation-dir=/home/ubuntu/Johannes/external/FFMalloc/build/CMakeFiles/CMakeTmp -ferror-limit 19 -fgnuc-version=4.2.1 -faddrsig -D__GCC_HAVE_DWARF2_CFI_ASM=1 -o CMakeFiles/cmTC_37127.dir/CMakeCCompilerABI.c.o -x c /usr/share/cmake-3.16/Modules/CMakeCCompilerABI.c]
  ignore line: [clang -cc1 version 13.0.1 based upon LLVM 13.0.1 default target x86_64-unknown-linux-gnu]
  ignore line: [ignoring nonexistent directory "/usr/lib/gcc/x86_64-linux-gnu/9/../../../../x86_64-linux-gnu/include"]
  ignore line: [ignoring nonexistent directory "/include"]
  ignore line: [#include "..." search starts here:]
  ignore line: [#include <...> search starts here:]
  ignore line: [ /home/ubuntu/llvm/ninja-build/lib/clang/13.0.1/include]
  ignore line: [ /usr/local/include]
  ignore line: [ /usr/include/x86_64-linux-gnu]
  ignore line: [ /usr/include]
  ignore line: [End of search list.]
  ignore line: [Linking C executable cmTC_37127]
  ignore line: [/usr/bin/cmake -E cmake_link_script CMakeFiles/cmTC_37127.dir/link.txt --verbose=1]
  ignore line: [/home/ubuntu/llvm/ninja-build/bin/clang     -v CMakeFiles/cmTC_37127.dir/CMakeCCompilerABI.c.o  -o cmTC_37127 ]
  ignore line: [clang version 13.0.1 (https://github.com/llvm/llvm-project.git 75e33f71c2dae584b13a7d1186ae0a038ba98838)]
  ignore line: [Target: x86_64-unknown-linux-gnu]
  ignore line: [Thread model: posix]
  ignore line: [InstalledDir: /home/ubuntu/llvm/ninja-build/bin]
  ignore line: [Found candidate GCC installation: /usr/lib/gcc/x86_64-linux-gnu/9]
  ignore line: [Selected GCC installation: /usr/lib/gcc/x86_64-linux-gnu/9]
  ignore line: [Candidate multilib: .]
  ignore line: [@m64]
  ignore line: [Selected multilib: .]
  ignore line: [@m64]
  link line: [ "/usr/bin/ld" -z relro --hash-style=gnu --eh-frame-hdr -m elf_x86_64 -dynamic-linker /lib64/ld-linux-x86-64.so.2 -o cmTC_37127 /lib/x86_64-linux-gnu/crt1.o /lib/x86_64-linux-gnu/crti.o /usr/lib/gcc/x86_64-linux-gnu/9/crtbegin.o -L/usr/lib/gcc/x86_64-linux-gnu/9 -L/usr/lib/gcc/x86_64-linux-gnu/9/../../../../lib64 -L/lib/x86_64-linux-gnu -L/lib/../lib64 -L/usr/lib/x86_64-linux-gnu -L/usr/lib/../lib64 -L/home/ubuntu/llvm/ninja-build/bin/../lib -L/lib -L/usr/lib CMakeFiles/cmTC_37127.dir/CMakeCCompilerABI.c.o -lgcc --as-needed -lgcc_s --no-as-needed -lc -lgcc --as-needed -lgcc_s --no-as-needed /usr/lib/gcc/x86_64-linux-gnu/9/crtend.o /lib/x86_64-linux-gnu/crtn.o]
    arg [/usr/bin/ld] ==> ignore
    arg [-zrelro] ==> ignore
    arg [--hash-style=gnu] ==> ignore
    arg [--eh-frame-hdr] ==> ignore
    arg [-m] ==> ignore
    arg [elf_x86_64] ==> ignore
    arg [-dynamic-linker] ==> ignore
    arg [/lib64/ld-linux-x86-64.so.2] ==> ignore
    arg [-o] ==> ignore
    arg [cmTC_37127] ==> ignore
    arg [/lib/x86_64-linux-gnu/crt1.o] ==> ignore
    arg [/lib/x86_64-linux-gnu/crti.o] ==> ignore
    arg [/usr/lib/gcc/x86_64-linux-gnu/9/crtbegin.o] ==> ignore
    arg [-L/usr/lib/gcc/x86_64-linux-gnu/9] ==> dir [/usr/lib/gcc/x86_64-linux-gnu/9]
    arg [-L/usr/lib/gcc/x86_64-linux-gnu/9/../../../../lib64] ==> dir [/usr/lib/gcc/x86_64-linux-gnu/9/../../../../lib64]
    arg [-L/lib/x86_64-linux-gnu] ==> dir [/lib/x86_64-linux-gnu]
    arg [-L/lib/../lib64] ==> dir [/lib/../lib64]
    arg [-L/usr/lib/x86_64-linux-gnu] ==> dir [/usr/lib/x86_64-linux-gnu]
    arg [-L/usr/lib/../lib64] ==> dir [/usr/lib/../lib64]
    arg [-L/home/ubuntu/llvm/ninja-build/bin/../lib] ==> dir [/home/ubuntu/llvm/ninja-build/bin/../lib]
    arg [-L/lib] ==> dir [/lib]
    arg [-L/usr/lib] ==> dir [/usr/lib]
    arg [CMakeFiles/cmTC_37127.dir/CMakeCCompilerABI.c.o] ==> ignore
    arg [-lgcc] ==> lib [gcc]
    arg [--as-needed] ==> ignore
    arg [-lgcc_s] ==> lib [gcc_s]
    arg [--no-as-needed] ==> ignore
    arg [-lc] ==> lib [c]
    arg [-lgcc] ==> lib [gcc]
    arg [--as-needed] ==> ignore
    arg [-lgcc_s] ==> lib [gcc_s]
    arg [--no-as-needed] ==> ignore
    arg [/usr/lib/gcc/x86_64-linux-gnu/9/crtend.o] ==> ignore
    arg [/lib/x86_64-linux-gnu/crtn.o] ==> ignore
  collapse library dir [/usr/lib/gcc/x86_64-linux-gnu/9] ==> [/usr/lib/gcc/x86_64-linux-gnu/9]
  collapse library dir [/usr/lib/gcc/x86_64-linux-gnu/9/../../../../lib64] ==> [/usr/lib64]
  collapse library dir [/lib/x86_64-linux-gnu] ==> [/lib/x86_64-linux-gnu]
  collapse library dir [/lib/../lib64] ==> [/lib64]
  collapse library dir [/usr/lib/x86_64-linux-gnu] ==> [/usr/lib/x86_64-linux-gnu]
  collapse library dir [/usr/lib/../lib64] ==> [/usr/lib64]
  collapse library dir [/home/ubuntu/llvm/ninja-build/bin/../lib] ==> [/home/ubuntu/llvm/ninja-build/lib]
  collapse library dir [/lib] ==> [/lib]
  collapse library dir [/usr/lib] ==> [/usr/lib]
  implicit libs: [gcc;gcc_s;c;gcc;gcc_s]
  implicit dirs: [/usr/lib/gcc/x86_64-linux-gnu/9;/usr/lib64;/lib/x86_64-linux-gnu;/lib64;/usr/lib/x86_64-linux-gnu;/home/ubuntu/llvm/ninja-build/lib;/lib;/usr/lib]
  implicit fwks: []


